This is pdfTeX, Version 3.14159265-2.6-1.40.15 (TeX Live 2014/W32TeX) (preloaded format=pdflatex 2015.1.15)  13 APR 2017 01:03
entering extended mode
 restricted \write18 enabled.
 %&-line parsing enabled.
**report.tex
(./report.tex
LaTeX2e <2014/05/01>
Babel <3.9l> and hyphenation patterns for 79 languages loaded.
(f:/texlive/2014/texmf-dist/tex/latex/base/article.cls
Document Class: article 2014/09/29 v1.4h Standard LaTeX document class
(f:/texlive/2014/texmf-dist/tex/latex/base/size12.clo
File: size12.clo 2014/09/29 v1.4h Standard LaTeX file (size option)
)
\c@part=\count79
\c@section=\count80
\c@subsection=\count81
\c@subsubsection=\count82
\c@paragraph=\count83
\c@subparagraph=\count84
\c@figure=\count85
\c@table=\count86
\abovecaptionskip=\skip41
\belowcaptionskip=\skip42
\bibindent=\dimen102
)
(f:/texlive/2014/texmf-dist/tex/latex/amsmath/amsmath.sty
Package: amsmath 2013/01/14 v2.14 AMS math features
\@mathmargin=\skip43

For additional information on amsmath, use the `?' option.
(f:/texlive/2014/texmf-dist/tex/latex/amsmath/amstext.sty
Package: amstext 2000/06/29 v2.01

(f:/texlive/2014/texmf-dist/tex/latex/amsmath/amsgen.sty
File: amsgen.sty 1999/11/30 v2.0
\@emptytoks=\toks14
\ex@=\dimen103
))
(f:/texlive/2014/texmf-dist/tex/latex/amsmath/amsbsy.sty
Package: amsbsy 1999/11/29 v1.2d
\pmbraise@=\dimen104
)
(f:/texlive/2014/texmf-dist/tex/latex/amsmath/amsopn.sty
Package: amsopn 1999/12/14 v2.01 operator names
)
\inf@bad=\count87
LaTeX Info: Redefining \frac on input line 210.
\uproot@=\count88
\leftroot@=\count89
LaTeX Info: Redefining \overline on input line 306.
\classnum@=\count90
\DOTSCASE@=\count91
LaTeX Info: Redefining \ldots on input line 378.
LaTeX Info: Redefining \dots on input line 381.
LaTeX Info: Redefining \cdots on input line 466.
\Mathstrutbox@=\box26
\strutbox@=\box27
\big@size=\dimen105
LaTeX Font Info:    Redeclaring font encoding OML on input line 566.
LaTeX Font Info:    Redeclaring font encoding OMS on input line 567.
\macc@depth=\count92
\c@MaxMatrixCols=\count93
\dotsspace@=\muskip10
\c@parentequation=\count94
\dspbrk@lvl=\count95
\tag@help=\toks15
\row@=\count96
\column@=\count97
\maxfields@=\count98
\andhelp@=\toks16
\eqnshift@=\dimen106
\alignsep@=\dimen107
\tagshift@=\dimen108
\tagwidth@=\dimen109
\totwidth@=\dimen110
\lineht@=\dimen111
\@envbody=\toks17
\multlinegap=\skip44
\multlinetaggap=\skip45
\mathdisplay@stack=\toks18
LaTeX Info: Redefining \[ on input line 2665.
LaTeX Info: Redefining \] on input line 2666.
)
(f:/texlive/2014/texmf-dist/tex/latex/relsize/relsize.sty
Package: relsize 2013/03/29 ver 4.1
)
(f:/texlive/2014/texmf-dist/tex/latex/mathtools/mathtools.sty
Package: mathtools 2014/07/16 v1.15 mathematical typesetting tools

(f:/texlive/2014/texmf-dist/tex/latex/graphics/keyval.sty
Package: keyval 2014/10/28 v1.15 key=value parser (DPC)
\KV@toks@=\toks19
)
(f:/texlive/2014/texmf-dist/tex/latex/tools/calc.sty
Package: calc 2014/10/28 v4.3 Infix arithmetic (KKT,FJ)
\calc@Acount=\count99
\calc@Bcount=\count100
\calc@Adimen=\dimen112
\calc@Bdimen=\dimen113
\calc@Askip=\skip46
\calc@Bskip=\skip47
LaTeX Info: Redefining \setlength on input line 75.
LaTeX Info: Redefining \addtolength on input line 76.
\calc@Ccount=\count101
\calc@Cskip=\skip48
)
(f:/texlive/2014/texmf-dist/tex/latex/mathtools/mhsetup.sty
Package: mhsetup 2010/01/21 v1.2a programming setup (MH)
)
LaTeX Info: Thecontrolsequence`\['isalreadyrobust on input line 129.
LaTeX Info: Thecontrolsequence`\]'isalreadyrobust on input line 129.
\g_MT_multlinerow_int=\count102
\l_MT_multwidth_dim=\dimen114
\origjot=\skip49
\l_MT_shortvdotswithinadjustabove_dim=\dimen115
\l_MT_shortvdotswithinadjustbelow_dim=\dimen116
\l_MT_above_intertext_sep=\dimen117
\l_MT_below_intertext_sep=\dimen118
\l_MT_above_shortintertext_sep=\dimen119
\l_MT_below_shortintertext_sep=\dimen120
) (./report.aux)
\openout1 = `report.aux'.

LaTeX Font Info:    Checking defaults for OML/cmm/m/it on input line 13.
LaTeX Font Info:    ... okay on input line 13.
LaTeX Font Info:    Checking defaults for T1/cmr/m/n on input line 13.
LaTeX Font Info:    ... okay on input line 13.
LaTeX Font Info:    Checking defaults for OT1/cmr/m/n on input line 13.
LaTeX Font Info:    ... okay on input line 13.
LaTeX Font Info:    Checking defaults for OMS/cmsy/m/n on input line 13.
LaTeX Font Info:    ... okay on input line 13.
LaTeX Font Info:    Checking defaults for OMX/cmex/m/n on input line 13.
LaTeX Font Info:    ... okay on input line 13.
LaTeX Font Info:    Checking defaults for U/cmr/m/n on input line 13.
LaTeX Font Info:    ... okay on input line 13.

(f:/texlive/2014/texmf-dist/tex/latex/graphics/graphicx.sty
Package: graphicx 2014/10/28 v1.0g Enhanced LaTeX Graphics (DPC,SPQR)

(f:/texlive/2014/texmf-dist/tex/latex/graphics/graphics.sty
Package: graphics 2014/10/28 v1.0p Standard LaTeX Graphics (DPC,SPQR)

(f:/texlive/2014/texmf-dist/tex/latex/graphics/trig.sty
Package: trig 1999/03/16 v1.09 sin cos tan (DPC)
)
(f:/texlive/2014/texmf-dist/tex/latex/latexconfig/graphics.cfg
File: graphics.cfg 2010/04/23 v1.9 graphics configuration of TeX Live
)
Package graphics Info: Driver file: pdftex.def on input line 91.

(f:/texlive/2014/texmf-dist/tex/latex/pdftex-def/pdftex.def
File: pdftex.def 2011/05/27 v0.06d Graphics/color for pdfTeX

(f:/texlive/2014/texmf-dist/tex/generic/oberdiek/infwarerr.sty
Package: infwarerr 2010/04/08 v1.3 Providing info/warning/error messages (HO)
)
(f:/texlive/2014/texmf-dist/tex/generic/oberdiek/ltxcmds.sty
Package: ltxcmds 2011/11/09 v1.22 LaTeX kernel commands for general use (HO)
)
\Gread@gobject=\count103

(f:/texlive/2014/texmf-dist/tex/context/base/supp-pdf.mkii
[Loading MPS to PDF converter (version 2006.09.02).]
\scratchcounter=\count104
\scratchdimen=\dimen121
\scratchbox=\box28
\nofMPsegments=\count105
\nofMParguments=\count106
\everyMPshowfont=\toks20
\MPscratchCnt=\count107
\MPscratchDim=\dimen122
\MPnumerator=\count108
\makeMPintoPDFobject=\count109
\everyMPtoPDFconversion=\toks21
))) (f:/texlive/2014/texmf-dist/tex/generic/oberdiek/pdftexcmds.sty
Package: pdftexcmds 2011/11/29 v0.20 Utility functions of pdfTeX for LuaTeX (HO
)

(f:/texlive/2014/texmf-dist/tex/generic/oberdiek/ifluatex.sty
Package: ifluatex 2010/03/01 v1.3 Provides the ifluatex switch (HO)
Package ifluatex Info: LuaTeX not detected.
)
(f:/texlive/2014/texmf-dist/tex/generic/oberdiek/ifpdf.sty
Package: ifpdf 2011/01/30 v2.3 Provides the ifpdf switch (HO)
Package ifpdf Info: pdfTeX in PDF mode is detected.
)
Package pdftexcmds Info: LuaTeX not detected.
Package pdftexcmds Info: \pdf@primitive is available.
Package pdftexcmds Info: \pdf@ifprimitive is available.
Package pdftexcmds Info: \pdfdraftmode found.
)
(f:/texlive/2014/texmf-dist/tex/latex/oberdiek/epstopdf-base.sty
Package: epstopdf-base 2010/02/09 v2.5 Base part for package epstopdf

(f:/texlive/2014/texmf-dist/tex/latex/oberdiek/grfext.sty
Package: grfext 2010/08/19 v1.1 Manage graphics extensions (HO)

(f:/texlive/2014/texmf-dist/tex/generic/oberdiek/kvdefinekeys.sty
Package: kvdefinekeys 2011/04/07 v1.3 Define keys (HO)
))
(f:/texlive/2014/texmf-dist/tex/latex/oberdiek/kvoptions.sty
Package: kvoptions 2011/06/30 v3.11 Key value format for package options (HO)

(f:/texlive/2014/texmf-dist/tex/generic/oberdiek/kvsetkeys.sty
Package: kvsetkeys 2012/04/25 v1.16 Key value parser (HO)

(f:/texlive/2014/texmf-dist/tex/generic/oberdiek/etexcmds.sty
Package: etexcmds 2011/02/16 v1.5 Avoid name clashes with e-TeX commands (HO)
Package etexcmds Info: Could not find \expanded.
(etexcmds)             That can mean that you are not using pdfTeX 1.50 or
(etexcmds)             that some package has redefined \expanded.
(etexcmds)             In the latter case, load this package earlier.
)))
Package grfext Info: Graphics extension search list:
(grfext)             [.png,.pdf,.jpg,.mps,.jpeg,.jbig2,.jb2,.PNG,.PDF,.JPG,.JPE
G,.JBIG2,.JB2,.eps]
(grfext)             \AppendGraphicsExtensions on input line 452.

(f:/texlive/2014/texmf-dist/tex/latex/latexconfig/epstopdf-sys.cfg
File: epstopdf-sys.cfg 2010/07/13 v1.3 Configuration of (r)epstopdf for TeX Liv
e
))
\Gin@req@height=\dimen123
\Gin@req@width=\dimen124
) [1

{f:/texlive/2014/texmf-var/fonts/map/pdftex/updmap/pdftex.map}] [2]

LaTeX Warning: Citation `Schouwenaars2001' on page 3 undefined on input line 47
.


LaTeX Warning: Citation `Bellingham2002' on page 3 undefined on input line 49.


LaTeX Warning: Citation `Fliess1995a' on page 3 undefined on input line 51.


LaTeX Warning: Citation `Hao2005' on page 3 undefined on input line 51.


LaTeX Warning: Citation `Cowling2007' on page 3 undefined on input line 51.


LaTeX Warning: Citation `Mellinger2011' on page 3 undefined on input line 51.


LaTeX Warning: Citation `Deits2015' on page 3 undefined on input line 53.


LaTeX Warning: Citation `Flores2007' on page 3 undefined on input line 53.

[3]
Underfull \hbox (badness 10000) in paragraph at lines 70--79

 []


LaTeX Warning: Citation `Lamport1989' on page 4 undefined on input line 81.


Overfull \hbox (5.5515pt too wide) in paragraph at lines 85--97
\OML/cmm/m/it/12 cfin[] \OT1/cmr/m/n/12 = [] [] 
 []


LaTeX Warning: `h' float specifier changed to `ht'.

[4]
Underfull \hbox (badness 10000) in paragraph at lines 112--113

 []

[5]
Underfull \hbox (badness 10000) in paragraph at lines 118--119

 []


Underfull \hbox (badness 10000) in paragraph at lines 124--126

 []


Underfull \hbox (badness 10000) in paragraph at lines 127--135

 []

[6] [7]
Underfull \hbox (badness 10000) in paragraph at lines 142--143

 []


Underfull \hbox (badness 10000) in paragraph at lines 144--146

 []

No file report.bbl.
[8] (./report.aux)

LaTeX Warning: There were undefined references.

 ) 
Here is how much of TeX's memory you used:
 2743 strings out of 493109
 38666 string characters out of 6138587
 108348 words of memory out of 5000000
 6174 multiletter control sequences out of 15000+600000
 16301 words of font info for 57 fonts, out of 8000000 for 9000
 1141 hyphenation exceptions out of 8191
 51i,19n,27p,782b,318s stack positions out of 5000i,500n,10000p,200000b,80000s
<f:/texlive/2014/texmf-dist/fonts/type1/public/amsfonts/cm/cmbx12.pfb><f:/tex
live/2014/texmf-dist/fonts/type1/public/amsfonts/cm/cmex10.pfb><f:/texlive/2014
/texmf-dist/fonts/type1/public/amsfonts/cm/cmmi10.pfb><f:/texlive/2014/texmf-di
st/fonts/type1/public/amsfonts/cm/cmmi12.pfb><f:/texlive/2014/texmf-dist/fonts/
type1/public/amsfonts/cm/cmmi6.pfb><f:/texlive/2014/texmf-dist/fonts/type1/publ
ic/amsfonts/cm/cmmi7.pfb><f:/texlive/2014/texmf-dist/fonts/type1/public/amsfont
s/cm/cmmi8.pfb><f:/texlive/2014/texmf-dist/fonts/type1/public/amsfonts/cm/cmmib
10.pfb><f:/texlive/2014/texmf-dist/fonts/type1/public/amsfonts/cmextra/cmmib8.p
fb><f:/texlive/2014/texmf-dist/fonts/type1/public/amsfonts/cm/cmr10.pfb><f:/tex
live/2014/texmf-dist/fonts/type1/public/amsfonts/cm/cmr12.pfb><f:/texlive/2014/
texmf-dist/fonts/type1/public/amsfonts/cm/cmr17.pfb><f:/texlive/2014/texmf-dist
/fonts/type1/public/amsfonts/cm/cmr8.pfb><f:/texlive/2014/texmf-dist/fonts/type
1/public/amsfonts/cm/cmsy10.pfb><f:/texlive/2014/texmf-dist/fonts/type1/public/
amsfonts/cm/cmsy8.pfb>
Output written on report.pdf (8 pages, 162686 bytes).
PDF statistics:
 91 PDF objects out of 1000 (max. 8388607)
 65 compressed objects within 1 object stream
 0 named destinations out of 1000 (max. 500000)
 1 words of extra memory for PDF output out of 10000 (max. 10000000)

