\BOOKMARK [0][-]{chapter*.1}{Preface}{}% 1
\BOOKMARK [0][-]{chapter*.2}{Abstract}{}% 2
\BOOKMARK [0][-]{chapter*.3}{Samenvatting}{}% 3
\BOOKMARK [0][-]{section*.4}{List of Figures}{}% 4
\BOOKMARK [0][-]{section*.5}{List of Tables}{}% 5
\BOOKMARK [0][-]{chapter.1}{Introduction}{}% 6
\BOOKMARK [1][-]{section.1.1}{Motivation }{chapter.1}% 7
\BOOKMARK [1][-]{section.1.2}{Contribution}{chapter.1}% 8
\BOOKMARK [1][-]{section.1.3}{Structure of the Thesis}{chapter.1}% 9
\BOOKMARK [1][-]{section.1.4}{Literature Review}{chapter.1}% 10
\BOOKMARK [1][-]{section.1.5}{goals}{chapter.1}% 11
\BOOKMARK [1][-]{section.1.6}{Assumptions}{chapter.1}% 12
\BOOKMARK [1][-]{section.1.7}{TODO: explain title}{chapter.1}% 13
\BOOKMARK [0][-]{chapter.2}{Modeling Trajectory Planning as a MILP problem}{}% 14
\BOOKMARK [1][-]{section.2.1}{Introduction}{chapter.2}% 15
\BOOKMARK [1][-]{section.2.2}{Overview of MILP}{chapter.2}% 16
\BOOKMARK [1][-]{section.2.3}{Time and UAV state}{chapter.2}% 17
\BOOKMARK [1][-]{section.2.4}{Objective function}{chapter.2}% 18
\BOOKMARK [1][-]{section.2.5}{Vehicle state limits}{chapter.2}% 19
\BOOKMARK [1][-]{section.2.6}{Obstacle avoidance}{chapter.2}% 20
\BOOKMARK [0][-]{chapter.3}{Segmentation of the MILP problem}{}% 21
\BOOKMARK [1][-]{section.3.1}{Algorithm approach}{chapter.3}% 22
\BOOKMARK [1][-]{section.3.2}{Finding the initial path}{chapter.3}% 23
\BOOKMARK [1][-]{section.3.3}{Detecting turn events}{chapter.3}% 24
\BOOKMARK [1][-]{section.3.4}{Generating path segments}{chapter.3}% 25
\BOOKMARK [1][-]{section.3.5}{Generating the active region for each segment}{chapter.3}% 26
\BOOKMARK [0][-]{chapter.4}{Extensions}{}% 27
\BOOKMARK [1][-]{section.4.1}{Solver-specific improvements}{chapter.4}% 28
\BOOKMARK [1][-]{section.4.2}{Corner cutting}{chapter.4}% 29
\BOOKMARK [1][-]{section.4.3}{Stability Improvements}{chapter.4}% 30
\BOOKMARK [1][-]{section.4.4}{Overlapping segment transitions}{chapter.4}% 31
\BOOKMARK [1][-]{section.4.5}{Graphical Visualization Tool }{chapter.4}% 32
\BOOKMARK [0][-]{chapter.5}{Experiments and Results}{}% 33
\BOOKMARK [1][-]{section.5.1}{Scenarios}{chapter.5}% 34
\BOOKMARK [1][-]{section.5.2}{General Performance}{chapter.5}% 35
\BOOKMARK [1][-]{section.5.3}{Agility of the UAV}{chapter.5}% 36
\BOOKMARK [1][-]{section.5.4}{Stability}{chapter.5}% 37
\BOOKMARK [1][-]{section.5.5}{Cornercutting}{chapter.5}% 38
\BOOKMARK [1][-]{section.5.6}{Linear approximation}{chapter.5}% 39
\BOOKMARK [1][-]{section.5.7}{Time step size}{chapter.5}% 40
\BOOKMARK [1][-]{section.5.8}{Max Time}{chapter.5}% 41
\BOOKMARK [1][-]{section.5.9}{Approach Margin}{chapter.5}% 42
\BOOKMARK [1][-]{section.5.10}{Genetic Algorithm Parameters}{chapter.5}% 43
\BOOKMARK [0][-]{chapter.6}{Discussion}{}% 44
\BOOKMARK [1][-]{section.6.1}{Research question result}{chapter.6}% 45
\BOOKMARK [1][-]{section.6.2}{Factors}{chapter.6}% 46
\BOOKMARK [1][-]{section.6.3}{Critical Review}{chapter.6}% 47
\BOOKMARK [0][-]{chapter.7}{Degree of Non-convexity}{}% 48
\BOOKMARK [1][-]{section.7.1}{Scenarios}{chapter.7}% 49
\BOOKMARK [1][-]{section.7.2}{Results}{chapter.7}% 50
\BOOKMARK [1][-]{section.7.3}{Discussion}{chapter.7}% 51
\BOOKMARK [0][-]{chapter.8}{Conclusions}{}% 52
\BOOKMARK [1][-]{section.8.1}{Future work}{chapter.8}% 53
\BOOKMARK [1][-]{section.8.2}{actual contribution}{chapter.8}% 54
\BOOKMARK [1][-]{section.8.3}{goals reached?}{chapter.8}% 55
\BOOKMARK [1][-]{section.8.4}{challenges}{chapter.8}% 56
\BOOKMARK [0][-]{section*.75}{Bibliography}{}% 57
